2021-05-13 11:40:04,249 - com.amazonAuto.utilities.ConfigPropLoader -INFO - The config file path is: C:\Users\Chintu\git\AmazonAuto\src\main\resources\config.properties
2021-05-13 11:40:18,786 - com.amazonAuto.tests.BaseTest -INFO - The base URL is:https://www.amazon.in/
2021-05-13 11:40:22,517 - com.amazonAuto.pages.LoginPage -INFO - Loged in using username:9090587221 and password: India@2021!
2021-05-13 11:40:30,842 - com.amazonAuto.pages.OnlineShoppingPage -INFO - Searched item: Zebronics ZEB-KM2100 Multimedia USB Keyboard Comes with
2021-05-13 11:40:31,099 - com.amazonAuto.pages.OnlineShoppingPage -INFO - Clicked on item: Zebronics ZEB-KM2100 Multimedia USB Keyboard Comes with
2021-05-13 11:40:43,389 - com.amazonAuto.pages.OnlineShoppingPage -INFO - Clicked on add to cart of item:Zebronics ZEB-KM2100 Multimedia USB Keyboard Comes with 114 Keys Including 12 Dedicated Multimedia Keys
2021-05-13 11:40:45,995 - com.amazonAuto.pages.OnlineShoppingPage -INFO - Clicked on proceed to buy of item:Zebronics ZEB-KM2100 Multimedia USB Keyboard Comes with 114 Keys Including 12 Dedicated Multimedia Keys
2021-05-13 11:40:48,482 - com.amazonAuto.pages.OnlineShoppingPage -INFO - Selected 1st delivery Address:
2021-05-13 11:40:48,567 - com.amazonAuto.pages.OnlineShoppingPage -INFO - Clicked on continue button
2021-05-13 11:40:50,503 - com.amazonAuto.pages.OnlineShoppingPage -INFO - Selected payment method type: Other UPI Apps
2021-05-13 11:40:50,571 - com.amazonAuto.utilities.Utilities -INFO - Go to back page
2021-05-13 11:40:52,052 - com.amazonAuto.utilities.Utilities -INFO - Go to back page
2021-05-13 11:40:54,361 - com.amazonAuto.utilities.Utilities -INFO - Go to back page
2021-05-13 11:40:56,896 - com.amazonAuto.pages.OnlineShoppingPage -INFO - Go to cart
2021-05-13 11:40:57,193 - com.amazonAuto.pages.OnlineShoppingPage -INFO - Deleted 1st item from the cart
2021-05-13 11:40:58,686 - com.amazonAuto.tests.BaseTest -INFO - Closing all the browsers
2021-05-13 11:43:26,592 - com.amazonAuto.utilities.ConfigPropLoader -INFO - The config file path is: C:\Users\Chintu\git\AmazonAuto\src\main\resources\config.properties
2021-05-13 11:43:32,795 - com.amazonAuto.tests.BaseTest -INFO - The base URL is:https://www.amazon.in/
2021-05-13 11:43:35,877 - com.amazonAuto.pages.LoginPage -INFO - Loged in using username:9090587221 and password: India@2021!
2021-05-13 11:43:42,027 - com.amazonAuto.pages.OnlineShoppingPage -INFO - Searched item: Zebronics ZEB-KM2100 Multimedia USB Keyboard Comes with
2021-05-13 11:43:43,218 - com.amazonAuto.pages.OnlineShoppingPage -INFO - Clicked on item: Zebronics ZEB-KM2100 Multimedia USB Keyboard Comes with
2021-05-13 11:43:46,886 - com.amazonAuto.pages.OnlineShoppingPage -INFO - Page title: Amazon.in: Buy Zebronics ZEB-KM2100 Multimedia USB Keyboard Comes with 114 Keys Including 12 Dedicated Multimedia Keys & with Rupee Key Online at Low Prices in India | ZEBRONICS Reviews & Ratings
2021-05-13 11:43:48,864 - com.amazonAuto.pages.OnlineShoppingPage -INFO - Clicked on add to cart of item:Zebronics ZEB-KM2100 Multimedia USB Keyboard Comes with 114 Keys Including 12 Dedicated Multimedia Keys
2021-05-13 11:43:52,588 - com.amazonAuto.pages.OnlineShoppingPage -INFO - Clicked on proceed to buy of item:Zebronics ZEB-KM2100 Multimedia USB Keyboard Comes with 114 Keys Including 12 Dedicated Multimedia Keys
2021-05-13 11:43:57,129 - com.amazonAuto.pages.OnlineShoppingPage -INFO - Selected 1st delivery Address:
2021-05-13 11:43:57,213 - com.amazonAuto.pages.OnlineShoppingPage -INFO - Clicked on continue button
2021-05-13 11:43:58,603 - com.amazonAuto.pages.OnlineShoppingPage -INFO - Selected payment method type: Other UPI Apps
2021-05-13 11:43:58,658 - com.amazonAuto.utilities.Utilities -INFO - Go to back page
2021-05-13 11:44:00,722 - com.amazonAuto.utilities.Utilities -INFO - Go to back page
2021-05-13 11:44:02,727 - com.amazonAuto.utilities.Utilities -INFO - Go to back page
2021-05-13 11:44:04,859 - com.amazonAuto.pages.OnlineShoppingPage -INFO - Go to cart
2021-05-13 11:44:05,032 - com.amazonAuto.pages.OnlineShoppingPage -INFO - Deleted 1st item from the cart
2021-05-13 11:44:06,171 - com.amazonAuto.tests.BaseTest -INFO - Closing all the browsers
